[debug] [2021-06-08T15:41:37.320Z] ----------------------------------------------------------------------
[debug] [2021-06-08T15:41:37.323Z] Command:       C:\Program Files\nodejs\node.exe C:\Users\ahunj\AppData\Roaming\npm\node_modules\firebase-tools\lib\bin\firebase.js deploy
[debug] [2021-06-08T15:41:37.324Z] CLI Version:   9.12.1
[debug] [2021-06-08T15:41:37.324Z] Platform:      win32
[debug] [2021-06-08T15:41:37.324Z] Node Version:  v14.16.1
[debug] [2021-06-08T15:41:37.333Z] Time:          Tue Jun 08 2021 20:41:37 GMT+0500 (Uzbekistan Standard Time)
[debug] [2021-06-08T15:41:37.333Z] ----------------------------------------------------------------------
[debug] 
[debug] [2021-06-08T15:41:37.344Z] > command requires scopes: ["email","openid","https://www.googleapis.com/auth/cloudplatformprojects.readonly","https://www.googleapis.com/auth/firebase","https://www.googleapis.com/auth/cloud-platform"]
[debug] [2021-06-08T15:41:37.344Z] > authorizing via signed-in user (ahunjonovrustam@gmail.com)
[debug] [2021-06-08T15:41:37.344Z] [iam] checking project world-ranks-314717 for permissions ["firebase.projects.get","firebasehosting.sites.update"]
[debug] [2021-06-08T15:41:37.347Z] >>> HTTP REQUEST POST https://cloudresourcemanager.googleapis.com/v1/projects/world-ranks-314717:testIamPermissions  
 {"permissions":["firebase.projects.get","firebasehosting.sites.update"]}
[debug] [2021-06-08T15:41:38.477Z] <<< HTTP RESPONSE 200 {"content-type":"application/json; charset=UTF-8","vary":"X-Origin, Referer, Origin,Accept-Encoding","date":"Tue, 08 Jun 2021 15:41:39 GMT","server":"ESF","cache-control":"private","x-xss-protection":"0","x-frame-options":"SAMEORIGIN","x-content-type-options":"nosniff","server-timing":"gfet4t7; dur=783","alt-svc":"h3=\":443\"; ma=2592000,h3-29=\":443\"; ma=2592000,h3-T051=\":443\"; ma=2592000,h3-Q050=\":443\"; ma=2592000,h3-Q046=\":443\"; ma=2592000,h3-Q043=\":443\"; ma=2592000,quic=\":443\"; ma=2592000; v=\"46,43\"","accept-ranges":"none","transfer-encoding":"chunked"}
[debug] [2021-06-08T15:41:38.479Z] > refreshing access token with scopes: []
[debug] [2021-06-08T15:41:38.479Z] >>> HTTP REQUEST POST https://www.googleapis.com/oauth2/v3/token  
 <request body omitted>
[debug] [2021-06-08T15:41:38.733Z] <<< HTTP RESPONSE 200 {"cache-control":"no-cache, no-store, max-age=0, must-revalidate","expires":"Mon, 01 Jan 1990 00:00:00 GMT","date":"Tue, 08 Jun 2021 15:41:39 GMT","pragma":"no-cache","content-type":"application/json; charset=utf-8","vary":"X-Origin, Referer, Origin,Accept-Encoding","server":"scaffolding on HTTPServer2","x-xss-protection":"0","x-frame-options":"SAMEORIGIN","x-content-type-options":"nosniff","alt-svc":"h3-29=\":443\"; ma=2592000,h3-T051=\":443\"; ma=2592000,h3-Q050=\":443\"; ma=2592000,h3-Q046=\":443\"; ma=2592000,h3-Q043=\":443\"; ma=2592000,quic=\":443\"; ma=2592000; v=\"46,43\"","accept-ranges":"none","transfer-encoding":"chunked"}
[debug] [2021-06-08T15:41:38.752Z] >>> [apiv2][query] GET https://firebase.googleapis.com/v1beta1/projects/world-ranks-314717 [none]
[debug] [2021-06-08T15:41:39.123Z] <<< [apiv2][status] GET https://firebase.googleapis.com/v1beta1/projects/world-ranks-314717 200
[debug] [2021-06-08T15:41:39.123Z] <<< [apiv2][body] GET https://firebase.googleapis.com/v1beta1/projects/world-ranks-314717 {"projectId":"world-ranks-314717","projectNumber":"904239831556","displayName":"World Ranks","name":"projects/world-ranks-314717","resources":{"hostingSite":"world-ranks-314717"},"state":"ACTIVE"}
[info] 
[info] === Deploying to 'world-ranks-314717'...
[info] 
[info] i  deploying hosting 
[debug] [2021-06-08T15:41:39.130Z] > refreshing access token with scopes: ["email","https://www.googleapis.com/auth/cloud-platform","https://www.googleapis.com/auth/cloudplatformprojects.readonly","https://www.googleapis.com/auth/firebase","openid"]
[debug] [2021-06-08T15:41:39.131Z] >>> HTTP REQUEST POST https://www.googleapis.com/oauth2/v3/token  
 <request body omitted>
[debug] [2021-06-08T15:41:39.375Z] <<< HTTP RESPONSE 200 {"cache-control":"no-cache, no-store, max-age=0, must-revalidate","pragma":"no-cache","expires":"Mon, 01 Jan 1990 00:00:00 GMT","date":"Tue, 08 Jun 2021 15:41:40 GMT","content-type":"application/json; charset=utf-8","vary":"X-Origin, Referer, Origin,Accept-Encoding","server":"scaffolding on HTTPServer2","x-xss-protection":"0","x-frame-options":"SAMEORIGIN","x-content-type-options":"nosniff","alt-svc":"h3-29=\":443\"; ma=2592000,h3-T051=\":443\"; ma=2592000,h3-Q050=\":443\"; ma=2592000,h3-Q046=\":443\"; ma=2592000,h3-Q043=\":443\"; ma=2592000,quic=\":443\"; ma=2592000; v=\"46,43\"","accept-ranges":"none","transfer-encoding":"chunked"}
[debug] [2021-06-08T15:41:39.388Z] >>> HTTP REQUEST POST https://firebasehosting.googleapis.com/v1beta1/sites/world-ranks-314717/versions  
 {"config":{},"labels":{"deployment-tool":"cli-firebase"}}
[debug] [2021-06-08T15:41:40.920Z] <<< HTTP RESPONSE 200 {"content-type":"application/json; charset=UTF-8","vary":"X-Origin, Referer, Origin,Accept-Encoding","date":"Tue, 08 Jun 2021 15:41:41 GMT","server":"ESF","cache-control":"private","x-xss-protection":"0","x-frame-options":"SAMEORIGIN","x-content-type-options":"nosniff","alt-svc":"h3-29=\":443\"; ma=2592000,h3-T051=\":443\"; ma=2592000,h3-Q050=\":443\"; ma=2592000,h3-Q046=\":443\"; ma=2592000,h3-Q043=\":443\"; ma=2592000,quic=\":443\"; ma=2592000; v=\"46,43\"","accept-ranges":"none","transfer-encoding":"chunked"}
[info] i  hosting[world-ranks-314717]: beginning deploy... 
[info] i  hosting[world-ranks-314717]: found 595 files in .next 
